[    0.000000] Initializing cgroup subsys cpuset
[    0.000000] Initializing cgroup subsys cpu
[    0.000000] Initializing cgroup subsys cpuacct
[    0.000000] Linux version 4.4.0-154-generic (buildd@lgw01-amd64-049) (gcc version 5.4.0 20160609 (Ubuntu 5.4.0-6ubuntu1~16.04.10) ) #181-Ubuntu SMP Tue Jun 25 05:29:03 UTC 2019 (Ubuntu 4.4.0-154.181-generic 4.4.179)
[    0.000000] Command line: BOOT_IMAGE=/boot/vmlinuz-4.4.0-154-generic root=LABEL=cloudimg-rootfs ro console=tty1 console=ttyS0
[    0.000000] KERNEL supported cpus:
[    0.000000]   Intel GenuineIntel
[    0.000000]   AMD AuthenticAMD
[    0.000000]   Centaur CentaurHauls
[    0.000000] x86/fpu: xstate_offset[2]:  576, xstate_sizes[2]:  256
[    0.000000] x86/fpu: Supporting XSAVE feature 0x01: 'x87 floating point registers'
[    0.000000] x86/fpu: Supporting XSAVE feature 0x02: 'SSE registers'
[    0.000000] x86/fpu: Supporting XSAVE feature 0x04: 'AVX registers'
[    0.000000] x86/fpu: Enabled xstate features 0x7, context size is 832 bytes, using 'standard' format.
[    0.000000] e820: BIOS-provided physical RAM map:
[    0.000000] BIOS-e820: [mem 0x0000000000000000-0x000000000009fbff] usable
[    0.000000] BIOS-e820: [mem 0x000000000009fc00-0x000000000009ffff] reserved
[    0.000000] BIOS-e820: [mem 0x00000000000f0000-0x00000000000fffff] reserved
[    0.000000] BIOS-e820: [mem 0x0000000000100000-0x000000003ffeffff] usable
[    0.000000] BIOS-e820: [mem 0x000000003fff0000-0x000000003fffffff] ACPI data
[    0.000000] BIOS-e820: [mem 0x00000000fec00000-0x00000000fec00fff] reserved
[    0.000000] BIOS-e820: [mem 0x00000000fee00000-0x00000000fee00fff] reserved
[    0.000000] BIOS-e820: [mem 0x00000000fffc0000-0x00000000ffffffff] reserved
[    0.000000] NX (Execute Disable) protection: active
[    0.000000] SMBIOS 2.5 present.
[    0.000000] Hypervisor detected: KVM
[    0.000000] e820: last_pfn = 0x3fff0 max_arch_pfn = 0x400000000
[    0.000000] MTRR: Disabled
[    0.000000] x86/PAT: MTRRs disabled, skipping PAT initialization too.
[    0.000000] CPU MTRRs all blank - virtualized system.
[    0.000000] x86/PAT: Configuration [0-7]: WB  WT  UC- UC  WB  WT  UC- UC  
[    0.000000] found SMP MP-table at [mem 0x0009fff0-0x0009ffff] mapped at [ffff88000009fff0]
[    0.000000] Scanning 1 areas for low memory corruption
[    0.000000] RAMDISK: [mem 0x362fa000-0x37174fff]
[    0.000000] ACPI: Early table checksum verification disabled
[    0.000000] ACPI: RSDP 0x00000000000E0000 000024 (v02 VBOX  )
[    0.000000] ACPI: XSDT 0x000000003FFF0030 00003C (v01 VBOX   VBOXXSDT 00000001 ASL  00000061)
[    0.000000] ACPI: FACP 0x000000003FFF00F0 0000F4 (v04 VBOX   VBOXFACP 00000001 ASL  00000061)
[    0.000000] ACPI: DSDT 0x000000003FFF0470 0022EA (v02 VBOX   VBOXBIOS 00000002 INTL 20100528)
[    0.000000] ACPI: FACS 0x000000003FFF0200 000040
[    0.000000] ACPI: FACS 0x000000003FFF0200 000040
[    0.000000] ACPI: APIC 0x000000003FFF0240 00005C (v02 VBOX   VBOXAPIC 00000001 ASL  00000061)
[    0.000000] ACPI: SSDT 0x000000003FFF02A0 0001CC (v01 VBOX   VBOXCPUT 00000002 INTL 20100528)
[    0.000000] No NUMA configuration found
[    0.000000] Faking a node at [mem 0x0000000000000000-0x000000003ffeffff]
[    0.000000] NODE_DATA(0) allocated [mem 0x3ffeb000-0x3ffeffff]
[    0.000000] kvm-clock: Using msrs 4b564d01 and 4b564d00
[    0.000000] kvm-clock: cpu 0, msr 0:3ffe3001, primary cpu clock
[    0.000000] kvm-clock: using sched offset of 3659020511 cycles
[    0.000000] clocksource: kvm-clock: mask: 0xffffffffffffffff max_cycles: 0x1cd42e4dffb, max_idle_ns: 881590591483 ns
[    0.000000] Zone ranges:
[    0.000000]   DMA      [mem 0x0000000000001000-0x0000000000ffffff]
[    0.000000]   DMA32    [mem 0x0000000001000000-0x000000003ffeffff]
[    0.000000]   Normal   empty
[    0.000000]   Device   empty
[    0.000000] Movable zone start for each node
[    0.000000] Early memory node ranges
[    0.000000]   node   0: [mem 0x0000000000001000-0x000000000009efff]
[    0.000000]   node   0: [mem 0x0000000000100000-0x000000003ffeffff]
[    0.000000] Initmem setup node 0 [mem 0x0000000000001000-0x000000003ffeffff]
[    0.000000] ACPI: PM-Timer IO Port: 0x4008
[    0.000000] IOAPIC[0]: apic_id 2, version 32, address 0xfec00000, GSI 0-23
[    0.000000] ACPI: INT_SRC_OVR (bus 0 bus_irq 0 global_irq 2 dfl dfl)
[    0.000000] ACPI: INT_SRC_OVR (bus 0 bus_irq 9 global_irq 9 low level)
[    0.000000] Using ACPI (MADT) for SMP configuration information
[    0.000000] smpboot: Allowing 2 CPUs, 0 hotplug CPUs
[    0.000000] PM: Registered nosave memory: [mem 0x00000000-0x00000fff]
[    0.000000] PM: Registered nosave memory: [mem 0x0009f000-0x0009ffff]
[    0.000000] PM: Registered nosave memory: [mem 0x000a0000-0x000effff]
[    0.000000] PM: Registered nosave memory: [mem 0x000f0000-0x000fffff]
[    0.000000] e820: [mem 0x40000000-0xfebfffff] available for PCI devices
[    0.000000] Booting paravirtualized kernel on KVM
[    0.000000] clocksource: refined-jiffies: mask: 0xffffffff max_cycles: 0xffffffff, max_idle_ns: 7645519600211568 ns
[    0.000000] setup_percpu: NR_CPUS:512 nr_cpumask_bits:512 nr_cpu_ids:2 nr_node_ids:1
[    0.000000] PERCPU: Embedded 34 pages/cpu @ffff88003fc00000 s99480 r8192 d31592 u1048576
[    0.000000] Built 1 zonelists in Node order, mobility grouping on.  Total pages: 257912
[    0.000000] Policy zone: DMA32
[    0.000000] Kernel command line: BOOT_IMAGE=/boot/vmlinuz-4.4.0-154-generic root=LABEL=cloudimg-rootfs ro console=tty1 console=ttyS0
[    0.000000] PID hash table entries: 4096 (order: 3, 32768 bytes)
[    0.000000] Memory: 997732K/1048120K available (8613K kernel code, 1335K rwdata, 4028K rodata, 1484K init, 1284K bss, 50388K reserved, 0K cma-reserved)
[    0.000000] SLUB: HWalign=64, Order=0-3, MinObjects=0, CPUs=2, Nodes=1
[    0.000000] Kernel/User page tables isolation: enabled
[    0.000000] Hierarchical RCU implementation.
[    0.000000] 	Build-time adjustment of leaf fanout to 64.
[    0.000000] 	RCU restricting CPUs from NR_CPUS=512 to nr_cpu_ids=2.
[    0.000000] RCU: Adjusting geometry for rcu_fanout_leaf=64, nr_cpu_ids=2
[    0.000000] NR_IRQS:33024 nr_irqs:440 16
[    0.000000] Console: colour VGA+ 80x25
[    0.000000] console [tty1] enabled
[    0.000000] console [ttyS0] enabled
[    0.000000] tsc: Detected 1800.000 MHz processor
[    0.214776] Calibrating delay loop (skipped) preset value.. 3600.00 BogoMIPS (lpj=7200000)
[    0.217573] pid_max: default: 32768 minimum: 301
[    0.218900] ACPI: Core revision 20150930
[    0.220962] ACPI: 2 ACPI AML tables successfully acquired and loaded
[    0.222820] Security Framework initialized
[    0.224010] Yama: becoming mindful.
[    0.225141] AppArmor: AppArmor initialized
[    0.226447] Dentry cache hash table entries: 131072 (order: 8, 1048576 bytes)
[    0.230241] Inode-cache hash table entries: 65536 (order: 7, 524288 bytes)
[    0.232391] Mount-cache hash table entries: 2048 (order: 2, 16384 bytes)
[    0.234414] Mountpoint-cache hash table entries: 2048 (order: 2, 16384 bytes)
[    0.236652] Initializing cgroup subsys io
[    0.237909] Initializing cgroup subsys memory
[    0.239139] Initializing cgroup subsys devices
[    0.240409] Initializing cgroup subsys freezer
[    0.241912] Initializing cgroup subsys net_cls
[    0.243901] Initializing cgroup subsys perf_event
[    0.245601] Initializing cgroup subsys net_prio
[    0.247263] Initializing cgroup subsys hugetlb
[    0.248637] Initializing cgroup subsys pids
[    0.251019] mce: CPU supports 0 MCE banks
[    0.252287] Last level iTLB entries: 4KB 64, 2MB 8, 4MB 8
[    0.253966] Last level dTLB entries: 4KB 64, 2MB 0, 4MB 0, 1GB 4
[    0.255848] Spectre V2 : Mitigation: Full generic retpoline
[    0.257507] Spectre V2 : Spectre v2 / SpectreRSB mitigation: Filling RSB on context switch
[    0.259976] Speculative Store Bypass: Vulnerable
[    0.261490] MDS: Mitigation: Clear CPU buffers
[    0.265907] Freeing SMP alternatives memory: 36K
[    0.273519] ftrace: allocating 32299 entries in 127 pages
[    0.338907] smpboot: APIC(0) Converting physical 0 to logical package 0
[    0.341230] smpboot: Max logical packages: 1
[    0.343212] x2apic enabled
[    0.344432] Switched APIC routing to physical x2apic.
[    0.347195] ..TIMER: vector=0x30 apic1=0 pin1=2 apic2=-1 pin2=-1
[    0.453637] smpboot: CPU0: Intel(R) Core(TM) i5-5350U CPU @ 1.80GHz (family: 0x6, model: 0x3d, stepping: 0x4)
[    0.457072] Performance Events: unsupported p6 CPU model 61 no PMU driver, software events only.
[    0.471052] KVM setup paravirtual spinlock
[    0.473106] x86: Booting SMP configuration:
[    0.474527] .... node  #0, CPUs:      #1
[    0.476001] kvm-clock: cpu 1, msr 0:3ffe3041, secondary cpu clock
[    0.478758] mce: CPU supports 0 MCE banks
[    0.481669] x86: Booted up 1 node, 2 CPUs
[    0.483247] smpboot: Total of 2 processors activated (7200.00 BogoMIPS)
[    0.485917] devtmpfs: initialized
[    0.488556] evm: security.selinux
[    0.489557] evm: security.SMACK64
[    0.490651] evm: security.SMACK64EXEC
[    0.491805] evm: security.SMACK64TRANSMUTE
[    0.493283] evm: security.SMACK64MMAP
[    0.494455] evm: security.ima
[    0.495376] evm: security.capability
[    0.496645] clocksource: jiffies: mask: 0xffffffff max_cycles: 0xffffffff, max_idle_ns: 7645041785100000 ns
[    0.499351] futex hash table entries: 512 (order: 3, 32768 bytes)
[    0.501222] pinctrl core: initialized pinctrl subsystem
[    0.502969] RTC time:  5:22:49, date: 02/27/20
[    0.504692] NET: Registered protocol family 16
[    0.517632] cpuidle: using governor ladder
[    0.533705] cpuidle: using governor menu
[    0.536318] PCCT header not found.
[    0.538769] ACPI: bus type PCI registered
[    0.540908] acpiphp: ACPI Hot Plug PCI Controller Driver version: 0.5
[    0.543867] PCI: Using configuration type 1 for base access
[    0.559100] ACPI: Added _OSI(Module Device)
[    0.561894] ACPI: Added _OSI(Processor Device)
[    0.563893] ACPI: Added _OSI(3.0 _SCP Extensions)
[    0.565554] ACPI: Added _OSI(Processor Aggregator Device)
[    0.567994] ACPI: Executed 1 blocks of module-level executable AML code
[    0.572351] ACPI: Interpreter enabled
[    0.573635] ACPI: (supports S0 S5)
[    0.574818] ACPI: Using IOAPIC for interrupt routing
[    0.576933] PCI: Using host bridge windows from ACPI; if necessary, use "pci=nocrs" and report a bug
[    0.584503] ACPI: PCI Root Bridge [PCI0] (domain 0000 [bus 00-ff])
[    0.586365] acpi PNP0A03:00: _OSC: OS supports [ASPM ClockPM Segments MSI]
[    0.588666] acpi PNP0A03:00: _OSC: not requesting OS control; OS requires [ExtendedConfig ASPM ClockPM MSI]
[    0.591809] acpi PNP0A03:00: fail to add MMCONFIG information, can't access extended PCI configuration space under this bridge.
[    0.595666] PCI host bridge to bus 0000:00
[    0.596855] pci_bus 0000:00: root bus resource [io  0x0000-0x0cf7 window]
[    0.598636] pci_bus 0000:00: root bus resource [io  0x0d00-0xffff window]
[    0.600433] pci_bus 0000:00: root bus resource [mem 0x000a0000-0x000bffff window]
[    0.602671] pci_bus 0000:00: root bus resource [mem 0x40000000-0xfdffffff window]
[    0.604839] pci_bus 0000:00: root bus resource [bus 00-ff]
[    0.610031] pci 0000:00:01.1: legacy IDE quirk: reg 0x10: [io  0x01f0-0x01f7]
[    0.612384] pci 0000:00:01.1: legacy IDE quirk: reg 0x14: [io  0x03f6]
[    0.614207] pci 0000:00:01.1: legacy IDE quirk: reg 0x18: [io  0x0170-0x0177]
[    0.616066] pci 0000:00:01.1: legacy IDE quirk: reg 0x1c: [io  0x0376]
[    0.641431] pci 0000:00:07.0: quirk: [io  0x4000-0x403f] claimed by PIIX4 ACPI
[    0.654409] pci 0000:00:07.0: quirk: [io  0x4100-0x410f] claimed by PIIX4 SMB
[    0.672017] ACPI: PCI Interrupt Link [LNKA] (IRQs 5 9 10 *11)
[    0.674651] ACPI: PCI Interrupt Link [LNKB] (IRQs 5 9 *10 11)
[    0.677450] ACPI: PCI Interrupt Link [LNKC] (IRQs 5 *9 10 11)
[    0.679867] ACPI: PCI Interrupt Link [LNKD] (IRQs 5 9 10 *11)
[    0.682155] ACPI: Enabled 2 GPEs in block 00 to 07
[    0.683949] vgaarb: setting as boot device: PCI:0000:00:02.0
[    0.686032] vgaarb: device added: PCI:0000:00:02.0,decodes=io+mem,owns=io+mem,locks=none
[    0.688710] vgaarb: loaded
[    0.689716] vgaarb: bridge control possible 0000:00:02.0
[    0.691945] SCSI subsystem initialized
[    0.693724] ACPI: bus type USB registered
[    0.695046] usbcore: registered new interface driver usbfs
[    0.696779] usbcore: registered new interface driver hub
[    0.698309] usbcore: registered new device driver usb
[    0.700244] PCI: Using ACPI for IRQ routing
[    0.702085] NetLabel: Initializing
[    0.703412] NetLabel:  domain hash size = 128
[    0.704740] NetLabel:  protocols = UNLABELED CIPSOv4
[    0.707827] NetLabel:  unlabeled traffic allowed by default
[    0.710825] amd_nb: Cannot enumerate AMD northbridges
[    0.712728] clocksource: Switched to clocksource kvm-clock
[    0.723573] AppArmor: AppArmor Filesystem Enabled
[    0.725440] pnp: PnP ACPI init
[    0.728029] pnp: PnP ACPI: found 3 devices
[    0.740071] clocksource: acpi_pm: mask: 0xffffff max_cycles: 0xffffff, max_idle_ns: 2085701024 ns
[    0.743265] NET: Registered protocol family 2
[    0.744927] TCP established hash table entries: 8192 (order: 4, 65536 bytes)
[    0.747043] TCP bind hash table entries: 8192 (order: 5, 131072 bytes)
[    0.748959] TCP: Hash tables configured (established 8192 bind 8192)
[    0.750773] UDP hash table entries: 512 (order: 2, 16384 bytes)
[    0.752551] UDP-Lite hash table entries: 512 (order: 2, 16384 bytes)
[    0.754477] NET: Registered protocol family 1
[    0.755798] pci 0000:00:00.0: Limiting direct PCI/PCI transfers
[    0.757721] pci 0000:00:01.0: Activating ISA DMA hang workarounds
[    0.759823] Unpacking initramfs...
[    1.056395] Freeing initrd memory: 14828K
[    1.058910] RAPL PMU detected, API unit is 2^-32 Joules, 4 fixed counters 10737418240 ms ovfl timer
[    1.064534] hw unit of domain pp0-core 2^-0 Joules
[    1.068360] hw unit of domain package 2^-0 Joules
[    1.071093] hw unit of domain dram 2^-0 Joules
[    1.073881] hw unit of domain pp1-gpu 2^-0 Joules
[    1.076561] clocksource: tsc: mask: 0xffffffffffffffff max_cycles: 0x19f2297dd97, max_idle_ns: 440795236593 ns
[    1.080877] platform rtc_cmos: registered platform RTC device (no PNP device found)
[    1.084039] Scanning for low memory corruption every 60 seconds
[    1.087061] audit: initializing netlink subsys (disabled)
[    1.089287] audit: type=2000 audit(1582780975.029:1): initialized
[    1.091262] Initialise system trusted keyring
[    1.093460] HugeTLB registered 2 MB page size, pre-allocated 0 pages
[    1.096635] zbud: loaded
[    1.098074] VFS: Disk quotas dquot_6.6.0
[    1.099576] VFS: Dquot-cache hash table entries: 512 (order 0, 4096 bytes)
[    1.102184] squashfs: version 4.0 (2009/01/31) Phillip Lougher
[    1.104226] fuse init (API version 7.23)
[    1.105649] Key type big_key registered
[    1.106827] Allocating IMA MOK and blacklist keyrings.
[    1.110670] Key type asymmetric registered
[    1.112010] Asymmetric key parser 'x509' registered
[    1.113691] Block layer SCSI generic (bsg) driver version 0.4 loaded (major 249)
[    1.116261] io scheduler noop registered
[    1.117668] io scheduler deadline registered (default)
[    1.119332] io scheduler cfq registered
[    1.120887] pci_hotplug: PCI Hot Plug PCI Core version: 0.5
[    1.122476] pciehp: PCI Express Hot Plug Controller Driver version: 0.4
[    1.124628] ACPI: AC Adapter [AC] (on-line)
[    1.126110] input: Power Button as /devices/LNXSYSTM:00/LNXPWRBN:00/input/input0
[    1.128240] ACPI: Power Button [PWRF]
[    1.129613] input: Sleep Button as /devices/LNXSYSTM:00/LNXSLPBN:00/input/input1
[    1.131907] ACPI: Sleep Button [SLPF]
[    1.133498] GHES: HEST is not enabled!
[    1.135494] ACPI: Battery Slot [BAT0] (battery present)
[    1.136871] Serial: 8250/16550 driver, 32 ports, IRQ sharing enabled
[    1.157748] 00:02: ttyS0 at I/O 0x3f8 (irq = 4, base_baud = 115200) is a 16550A
[    1.161097] Linux agpgart interface v0.103
[    1.163333] loop: module loaded
[    1.165457] scsi host0: ata_piix
[    1.166882] scsi host1: ata_piix
[    1.168137] ata1: PATA max UDMA/33 cmd 0x1f0 ctl 0x3f6 bmdma 0xd000 irq 14
[    1.170004] ata2: PATA max UDMA/33 cmd 0x170 ctl 0x376 bmdma 0xd008 irq 15
[    1.171910] libphy: Fixed MDIO Bus: probed
[    1.173429] tun: Universal TUN/TAP device driver, 1.6
[    1.174940] tun: (C) 1999-2004 Max Krasnyansky <maxk@qualcomm.com>
[    1.177209] PPP generic driver version 2.4.2
[    1.178639] ehci_hcd: USB 2.0 'Enhanced' Host Controller (EHCI) Driver
[    1.180742] ehci-pci: EHCI PCI platform driver
[    1.182251] ehci-platform: EHCI generic platform driver
[    1.183984] ohci_hcd: USB 1.1 'Open' Host Controller (OHCI) Driver
[    1.186565] ohci-pci: OHCI PCI platform driver
[    1.188021] ohci-platform: OHCI generic platform driver
[    1.190090] uhci_hcd: USB Universal Host Controller Interface driver
[    1.192624] i8042: PNP: PS/2 Controller [PNP0303:PS2K,PNP0f03:PS2M] at 0x60,0x64 irq 1,12
[    1.196566] serio: i8042 KBD port at 0x60,0x64 irq 1
[    1.198155] serio: i8042 AUX port at 0x60,0x64 irq 12
[    1.199879] mousedev: PS/2 mouse device common for all mice
[    1.201936] input: AT Translated Set 2 keyboard as /devices/platform/i8042/serio0/input/input2
[    1.205138] rtc_cmos rtc_cmos: rtc core: registered rtc_cmos as rtc0
[    1.207715] rtc_cmos rtc_cmos: alarms up to one day, 114 bytes nvram
[    1.212133] i2c /dev entries driver
[    1.214700] device-mapper: uevent: version 1.0.3
[    1.217027] device-mapper: ioctl: 4.34.0-ioctl (2015-10-28) initialised: dm-devel@redhat.com
[    1.220803] ledtrig-cpu: registered to indicate activity on CPUs
[    1.224076] NET: Registered protocol family 10
[    1.230895] NET: Registered protocol family 17
[    1.232303] Key type dns_resolver registered
[    1.234129] registered taskstats version 1
[    1.235696] Loading compiled-in X.509 certificates
[    1.238111] Loaded X.509 cert 'Build time autogenerated kernel key: 65139e04a67245b562a838c28b5e7032abdd4348'
[    1.243522] zswap: loaded using pool lzo/zbud
[    1.247675] Key type trusted registered
[    1.254000] Key type encrypted registered
[    1.255290] AppArmor: AppArmor sha1 policy hashing enabled
[    1.256959] ima: No TPM chip found, activating TPM-bypass!
[    1.258796] ima: Allocated hash algorithm: sha1
[    1.260321] evm: HMAC attrs: 0x1
[    1.262288]   Magic number: 8:355:366
[    1.263679] rtc_cmos rtc_cmos: setting system clock to 2020-02-27 05:22:49 UTC (1582780969)
[    1.267342] BIOS EDD facility v0.16 2004-Jun-25, 0 devices found
[    1.269202] EDD information not available.
[    1.327665] Freeing unused kernel memory: 1484K
[    1.330436] Write protecting the kernel read-only data: 14336k
[    1.333650] Freeing unused kernel memory: 1616K
[    1.335822] Freeing unused kernel memory: 68K
Loading, please wait...
starting version 229
[    1.353851] random: systemd-udevd: uninitialized urandom read (16 bytes read, 3 bits of entropy available)
[    1.354782] random: udevadm: uninitialized urandom read (16 bytes read, 3 bits of entropy available)
[    1.354812] random: udevadm: uninitialized urandom read (16 bytes read, 3 bits of entropy available)
[    1.362774] random: systemd-udevd: uninitialized urandom read (16 bytes read, 3 bits of entropy available)
[    1.365396] random: udevadm: uninitialized urandom read (16 bytes read, 3 bits of entropy available)
[    1.365468] random: udevadm: uninitialized urandom read (16 bytes read, 3 bits of entropy available)
[    1.365613] random: udevadm: uninitialized urandom read (16 bytes read, 3 bits of entropy available)
[    1.365664] random: udevadm: uninitialized urandom read (16 bytes read, 3 bits of entropy available)
[    1.365715] random: udevadm: uninitialized urandom read (16 bytes read, 3 bits of entropy available)
[    1.365765] random: udevadm: uninitialized urandom read (16 bytes read, 3 bits of entropy available)
[    1.416507] e1000: Intel(R) PRO/1000 Network Driver - version 7.3.21-k8-NAPI
[    1.418671] e1000: Copyright (c) 1999-2006 Intel Corporation.
[    1.426559] Fusion MPT base driver 3.04.20
[    1.428293] Copyright (c) 1999-2008 LSI Corporation
[    1.463683] AVX2 version of gcm_enc/dec engaged.
[    1.465310] AES CTR mode by8 optimization enabled
[    1.474540] Fusion MPT SPI Host driver 3.04.20
[    1.654784] input: ImExPS/2 Generic Explorer Mouse as /devices/platform/i8042/serio1/input/input4
[    1.852236] e1000 0000:00:03.0 eth0: (PCI:33MHz:32-bit) 02:dc:27:67:22:a8
[    1.854541] e1000 0000:00:03.0 eth0: Intel(R) PRO/1000 Network Connection
[    2.329882] e1000 0000:00:08.0 eth1: (PCI:33MHz:32-bit) 08:00:27:9f:5e:6b
[    2.334793] e1000 0000:00:08.0 eth1: Intel(R) PRO/1000 Network Connection
[    2.338553] e1000 0000:00:03.0 enp0s3: renamed from eth0
[    2.341365] mptbase: ioc0: Initiating bringup
[    2.353435] e1000 0000:00:08.0 enp0s8: renamed from eth1
[    2.424999] ioc0: LSI53C1030 A0: Capabilities={Initiator}
[    3.569392] scsi host2: ioc0: LSI53C1030 A0, FwRev=00000000h, Ports=1, MaxQ=256, IRQ=20
[    4.147459] scsi 2:0:0:0: Direct-Access     VBOX     HARDDISK         1.0  PQ: 0 ANSI: 5
[    4.151206] scsi target2:0:0: Beginning Domain Validation
[    4.155397] scsi target2:0:0: Domain Validation skipping write tests
[    4.157895] scsi target2:0:0: Ending Domain Validation
[    4.170669] scsi target2:0:0: asynchronous
[    4.173528] scsi 2:0:1:0: Direct-Access     VBOX     HARDDISK         1.0  PQ: 0 ANSI: 5
[    4.176167] scsi target2:0:1: Beginning Domain Validation
[    4.180312] scsi target2:0:1: Domain Validation skipping write tests
[    4.182097] scsi target2:0:1: Ending Domain Validation
[    4.183622] scsi target2:0:1: asynchronous
[    4.192093] sd 2:0:0:0: [sda] 20971520 512-byte logical blocks: (10.7 GB/10.0 GiB)
[    4.196130] sd 2:0:0:0: Attached scsi generic sg0 type 0
[    4.198514] sd 2:0:1:0: [sdb] 20480 512-byte logical blocks: (10.5 MB/10.0 MiB)
[    4.201001] sd 2:0:1:0: Attached scsi generic sg1 type 0
[    4.201372] sd 2:0:0:0: [sda] Write Protect is off
[    4.201541] sd 2:0:0:0: [sda] Incomplete mode parameter data
[    4.201542] sd 2:0:0:0: [sda] Assuming drive cache: write through
[    4.203011]  sda: sda1
[    4.204300] sd 2:0:0:0: [sda] Attached SCSI disk
[    4.205674] sd 2:0:1:0: [sdb] Write Protect is off
[    4.205824] sd 2:0:1:0: [sdb] Incomplete mode parameter data
[    4.205826] sd 2:0:1:0: [sdb] Assuming drive cache: write through
[    4.208472] sd 2:0:1:0: [sdb] Attached SCSI disk
Begin: Loading essential drivers ... [    5.642964] md: linear personality registered for level -1
[    5.647340] md: multipath personality registered for level -4
[    5.652070] md: raid0 personality registered for level 0
[    5.658288] md: raid1 personality registered for level 1
[    5.732852] raid6: sse2x1   gen()  8416 MB/s
[    5.804802] raid6: sse2x1   xor()  5617 MB/s
[    5.873009] raid6: sse2x2   gen() 10599 MB/s
[    5.940866] raid6: sse2x2   xor()  7104 MB/s
[    6.009203] raid6: sse2x4   gen() 12548 MB/s
[    6.076913] raid6: sse2x4   xor()  8457 MB/s
[    6.145242] raid6: avx2x1   gen() 16941 MB/s
[    6.212888] raid6: avx2x2   gen() 19165 MB/s
[    6.281240] raid6: avx2x4   gen() 21403 MB/s
[    6.282678] raid6: using algorithm avx2x4 gen() 21403 MB/s
[    6.284461] raid6: using avx2x2 recovery algorithm
[    6.287448] xor: automatically using best checksumming function:
[    6.328894]    avx       : 24610.000 MB/sec
[    6.331856] async_tx: api initialized (async)
[    6.347122] md: raid6 personality registered for level 6
[    6.348918] md: raid5 personality registered for level 5
[    6.350804] md: raid4 personality registered for level 4
[    6.362100] md: raid10 personality registered for level 10
done.
Begin: Running /scripts/init-premount ... done.
Begin: Mounting root file system ... Begin: Running /scripts/local-top ... done.
Begin: Running /scripts/local-premount ... [    6.400071] Btrfs loaded
Scanning for Btrfs filesystems
done.
Warning: fsck not present, so skipping root file system
[    6.436033] EXT4-fs (sda1): mounted filesystem with ordered data mode. Opts: (null)
done.
Begin: Running /scripts/local-bottom ... done.
Begin: Running /scripts/init-bottom ... done.
[    6.529485] systemd[1]: systemd 229 running in system mode. (+PAM +AUDIT +SELINUX +IMA +APPARMOR +SMACK +SYSVINIT +UTMP +LIBCRYPTSETUP +GCRYPT +GNUTLS +ACL +XZ -LZ4 +SECCOMP +BLKID +ELFUTILS +KMOD -IDN)
[    6.534831] systemd[1]: Detected virtualization oracle.
[    6.536278] systemd[1]: Detected architecture x86-64.

Welcome to [1mUbuntu 16.04.6 LTS[0m!

[    6.544873] systemd[1]: Set hostname to <ubuntu>.
[    6.552193] systemd[1]: Initializing machine ID from random generator.
[    6.554144] systemd[1]: Installed transient /etc/machine-id file.
[    6.722309] systemd[1]: Started Forward Password Requests to Wall Directory Watch.
[[0;32m  OK  [0m] Started Forward Password Requests to Wall Directory Watch.
[    6.730635] systemd[1]: Listening on LVM2 poll daemon socket.
[[0;32m  OK  [0m] Listening on LVM2 poll daemon socket.
[    6.741800] systemd[1]: Listening on Journal Socket (/dev/log).
[[0;32m  OK  [0m] Listening on Journal Socket (/dev/log).
[    7.079442] systemd[1]: Reached target Swap.
[[0;32m  OK  [0m] Reached target Swap.
[    7.083504] systemd[1]: Reached target System Time Synchronized.
[[0;32m  OK  [0m] Reached target System Time Synchronized.
[    7.087276] systemd[1]: Listening on Syslog Socket.
[[0;32m  OK  [0m] Listening on Syslog Socket.
[    7.090167] systemd[1]: Listening on udev Control Socket.
[[0;32m  OK  [0m] Listening on udev Control Socket.
[    7.093521] systemd[1]: Listening on Journal Audit Socket.
[[0;32m  OK  [0m] Listening on Journal Audit Socket.
[    7.096583] systemd[1]: Listening on /dev/initctl Compatibility Named Pipe.
[[0;32m  OK  [0m] Listening on /dev/initctl Compatibility Named Pipe.
[    7.100625] systemd[1]: Listening on Device-mapper event daemon FIFOs.
[[0;32m  OK  [0m] Listening on Device-mapper event daemon FIFOs.
[    7.103950] systemd[1]: Reached target User and Group Name Lookups.
[[0;32m  OK  [0m] Reached target User and Group Name Lookups.
[    7.107737] systemd[1]: Listening on Journal Socket.
[[0;32m  OK  [0m] Listening on Journal Socket.
[    7.111178] systemd[1]: Reached target Encrypted Volumes.
[[0;32m  OK  [0m] Reached target Encrypted Volumes.
[    7.332937] systemd[1]: Set up automount Arbitrary Executable File Formats File System Automount Point.
[[0;32m  OK  [0m] Set up automount Arbitrary Executab...ats File System Automount Point.
[    7.337938] systemd[1]: Listening on udev Kernel Socket.
[[0;32m  OK  [0m] Listening on udev Kernel Socket.
[    7.341384] systemd[1]: Created slice System Slice.
[[0;32m  OK  [0m] Created slice System Slice.
[    7.357623] systemd[1]: Starting Journal Service...
         Starting Journal Service...
[    7.367510] systemd[1]: Mounting POSIX Message Queue File System...
         Mounting POSIX Message Queue File System...
[    7.372037] systemd[1]: Starting Nameserver information manager...
         Starting Nameserver information manager...
[    7.375950] systemd[1]: Created slice system-serial\x2dgetty.slice.
[[0;32m  OK  [0m] Created slice system-serial\x2dgetty.slice.
[    7.382908] systemd[1]: Mounting Huge Pages File System...
         Mounting Huge Pages File System...
[    7.387626] systemd[1]: Starting Set console keymap...
         Starting Set console keymap...
[    7.394663] systemd[1]: Starting Load Kernel Modules...
         Starting Load Kernel Modules...
[    7.398547] systemd[1]: Starting Remount Root and Kernel File Systems...
         Starting Remount Root and Kernel File Systems...
[    7.411528] systemd[1]: Mounting Debug File System...
         Mounting Debug File System...
[    7.419581] Loading iSCSI transport class v2.0-870.
[    7.420530] systemd[1]: Starting Uncomplicated firewall...
[    7.422056] EXT4-fs (sda1): re-mounted. Opts: (null)
         Starting Uncomplicated firewall...
[    7.430201] systemd[1]: Listening on LVM2 metadata daemon socket.
[[0;32m  OK  [0m] Listening on LVM2 metadata daemon socket.
[    7.439053] iscsi: registered transport (tcp)
[    7.453113] systemd[1]: Starting Monitoring of LVM2 mirrors, snapshots etc. using dmeventd or progress polling...
         Starting Monitoring of LVM2 mirrors... dmeventd or progress polling...
[    7.461220] systemd[1]: Starting Create list of required static device nodes for the current kernel...
         Starting Create list of required st... nodes for the current kernel...
[    7.469451] systemd[1]: Created slice User and Session Slice.
[[0;32m  OK  [0m] Created slice User and Session Slice.
[    7.473362] systemd[1]: Reached target Slices.
[[0;32m  OK  [0m] Reached target Slices.
[    7.476538] systemd[1]: Started Trigger resolvconf update for networkd DNS.
[[0;32m  OK  [0m] Started Trigger resolvconf update for networkd DNS.
[    7.483691] systemd[1]: Mounted POSIX Message Queue File System.
[    7.486064] iscsi: registered transport (iser)
[[0;32m  OK  [0m] Mounted POSIX Message Queue File System.
[    7.489280] systemd[1]: Mounted Debug File System.
[[0;32m  OK  [0m] Mounted Debug File System.
[    7.492283] systemd[1]: Mounted Huge Pages File System.
[[0;32m  OK  [0m] Mounted Huge Pages File System.
[    7.496132] systemd[1]: Started Journal Service.
[[0;32m  OK  [0m] Started Journal Service.
[[0;32m  OK  [0m] Started Load Kernel Modules.
[[0;32m  OK  [0m] Started Remount Root and Kernel File Systems.
[[0;32m  OK  [0m] Started Uncomplicated firewall.
[[0;32m  OK  [0m] Started Create list of required sta...ce nodes for the current kernel.
[[0;32m  OK  [0m] Started Nameserver information manager.
[[0;32m  OK  [0m] Started Set console keymap.
[[0;32m  OK  [0m] Started LVM2 metadata daemon.
         Starting Create Static Device Nodes in /dev...
         Starting udev Coldplug all Devices...
         Starting Load/Save Random Seed...
         Starting Apply Kernel Variables...
         Mounting FUSE Control File System...
         Starting Flush Journal to Persistent Storage...
[[0;32m  OK  [0m] Mounted FUSE Control File System.
[[0;32m  OK  [0m] Started Load/Save Random Seed.
[[0;32m  OK  [0m] Started Create Static Device Nodes in /dev.
[[0;32m  OK  [0m] Started Apply Kernel Variables.
[[0;32m  OK  [0m] Started udev Coldplug all Devices.
[[0;32m  OK  [0m] Started Flush Journal to Persistent Storage.
         Starting udev Kernel Device Manager...
[[0;32m  OK  [0m] Started udev Kernel Device Manager.
[[0;32m  OK  [0m] Started Dispatch Password Requests to Console Directory Watch.
[[0;32m  OK  [0m] Started Monitoring of LVM2 mirrors,...ng dmeventd or progress polling.
[[0;32m  OK  [0m] Reached target Local File Systems (Pre).
[[0;32m  OK  [0m] Reached target Local File Systems.
         Starting Tell Plymouth To Write Out Runtime Data...
         Starting Set console font and keymap...
         Starting Create Volatile Files and Directories...
         Starting LSB: AppArmor initialization...
         Starting Initial cloud-init job (pre-networking)...
         Starting Commit a transient machine-id on disk...
[[0;32m  OK  [0m] Started Tell Plymouth To Write Out Runtime Data.
[[0;32m  OK  [0m] Found device /dev/ttyS0.
[[0;32m  OK  [0m] Started Create Volatile Files and Directories.
         Starting Update UTMP about System Boot/Shutdown...
[[0;32m  OK  [0m] Started Commit a transient machine-id on disk.
[[0;32m  OK  [0m] Started Update UTMP about System Boot/Shutdown.
[[0;32m  OK  [0m] Listening on Load/Save RF Kill Switch Status /dev/rfkill Watch.
[    9.212880] cloud-init[522]: Cloud-init v. 19.1-1-gbaa47854-0ubuntu1~16.04.1 running 'init-local' at Thu, 27 Feb 2020 05:22:57 +0000. Up 8.63 seconds.
[[0;32m  OK  [0m] Started Initial cloud-init job (pre-networking).
[[0;32m  OK  [0m] Started LSB: AppArmor initialization.
[[0;32m  OK  [0m] Reached target Network (Pre).
         Starting Raise network interfaces...
[[0;32m  OK  [0m] Started Set console font and keymap.
[[0;32m  OK  [0m] Created slice system-getty.slice.
[[0;32m  OK  [0m] Started Raise network interfaces.
[[0;32m  OK  [0m] Reached target Network.
         Starting Initial cloud-init job (metadata service crawler)...
[   10.804967] cloud-init[960]: Cloud-init v. 19.1-1-gbaa47854-0ubuntu1~16.04.1 running 'init' at Thu, 27 Feb 2020 05:22:58 +0000. Up 10.29 seconds.
[   10.808157] cloud-init[960]: ci-info: ++++++++++++++++++++++++++++++++++++++Net device info+++++++++++++++++++++++++++++++++++++++
[   10.812534] cloud-init[960]: ci-info: +--------+-------+----------------------------+---------------+--------+-------------------+
[   10.816738] cloud-init[960]: ci-info: | Device |   Up  |          Address           |      Mask     | Scope  |     Hw-Address    |
[   10.820777] cloud-init[960]: ci-info: +--------+-------+----------------------------+---------------+--------+-------------------+
[   10.825438] cloud-init[960]: ci-info: | enp0s3 |  True |         10.0.2.15          | 255.255.255.0 | global | 02:dc:27:67:22:a8 |
[   10.829434] cloud-init[960]: ci-info: | enp0s3 |  True | fe80::dc:27ff:fe67:22a8/64 |       .       |  link  | 02:dc:27:67:22:a8 |
[   10.833366] cloud-init[960]: ci-info: | enp0s8 | False |             .              |       .       |   .    | 08:00:27:9f:5e:6b |
[   10.837423] cloud-init[960]: ci-info: |   lo   |  True |         127.0.0.1          |   255.0.0.0   |  host  |         .         |
[   10.842581] cloud-init[960]: ci-info: |   lo   |  True |          ::1/128           |       .       |  host  |         .         |
[   10.845595] cloud-init[960]: ci-info: +--------+-------+----------------------------+---------------+--------+-------------------+
[   10.849747] cloud-init[960]: ci-info: +++++++++++++++++++++++++++Route IPv4 info++++++++++++++++++++++++++++
[   10.852487] cloud-init[960]: ci-info: +-------+-------------+----------+---------------+-----------+-------+
[   10.854931] cloud-init[960]: ci-info: | Route | Destination | Gateway  |    Genmask    | Interface | Flags |
[   10.858191] cloud-init[960]: ci-info: +-------+-------------+----------+---------------+-----------+-------+
[   10.862440] cloud-init[[0;32m  OK  [0m] [960]: ci-info: |   0   |   0.0.0.0   | 10.0.2.2 |    0.0.0.0    |   enp0s3  |   UG  |
[   10.864354] cloud-init[960]: ci-info: |   1   |   10.0.2.0  | 0.0.0.0  | 255.255.255.0 |   enp0s3  |   U   |
[   10.867134] cloud-init[960]: ci-info: +-------+-------------+----------+---------------+-----------+-------+
[   10.867618] cloud-init[960]: ci-info: +++++++++++++++++++Route IPv6 info+++++++++++++++++++
Started Initial cloud-init job (metadata service crawler).[   10.874059] cloud-init[960]: ci-info: +-------+-------------+---------+-----------+-------+
[   10.875008] cloud-init[960]: ci-info: | Route | Destination | Gateway | Interface | Flags |
[   10.877416] cloud-init[960]: ci-info: +-------+-------------+---------+-----------+-------+
[   10.879061] cloud-init[960]: ci-info: |   0   |  fe80::/64  |    ::   |   enp0s3  |   U   |
[   10.880783] cloud-init[960]: ci-info: |   3   |   ff00::/8  |    ::   |   enp0s3  |   U   |
[   10.882697] cloud-init[960]: ci-info: +-------+-------------+---------+-----------+-------+
[   10.884595] cloud-init[960]: Generating public/private rsa key pair.
[   10.886748] cloud-init[960]: Your identification has been saved in /etc/ssh/ssh_host_rsa_key.
[   10.888385] cloud-init[960]: Your public key has been saved in /etc/ssh/ssh_host_rsa_key.pub.
[   10.888910] cloud-init[960]: The key fingerprint is:

[   10.892621] cloud-init[960]: SHA256:CP5wcMntJiyP3Xx7AcUZGljS2fxCgO7zcO+aWSkk26M root@ubuntu-xenial
[   10.903523] cloud-init[960]: The key's randomart image is:
[   10.904974] cloud-init[960]: +---[RSA 2048]----+
[   10.906277] cloud-init[960]: |        .=+*.o   |
[   10.906502] cloud-init[960]: |     . oo.ooB    |
[   10.908131] cloud-init[960]: |    o +.. .o .   |
[   10.909022] cloud-init[960]: |   . = o. . . .  |
[   10.910610] cloud-init[960]: |    + =.S .. .   |
[[0;32m  OK  [0m] Reached target Network is Online.
[   10.912200] cloud-init[960]: |     O =+=. ..   |
[   10.914985] cloud-init[960]: |    . + +==.o.   |
[   10.916624] cloud-init[960]: |         o.Bo    |
[   10.918608] cloud-init[960]: |        E =+.    |
[   10.920227] cloud-init[960]: +----[SHA256]-----+
[   10.921853] cloud-init[960]: Generating public/private dsa key pair.
[   10.923623] cloud-init[960]: Your identification has been saved in /etc/ssh/ssh_host_dsa_key.
[   10.926467] cloud-init[960]: Your public key has been saved in /etc/ssh/ssh_host_dsa_key.pub.
[   10.928657] cloud-init[960]: The key fingerprint is:
[   10.930017] cloud-init[960]: SHA256:fQQZi/J89bjTyg4jgD+MwaVnZbUHcBN14u1K6J8WQnw root@ubuntu-xenial
[   10.932981] cloud-init[960]: The key's randomart image is:
[   10.933382] cloud-init[960]: +---[DSA 1024]----+
[   10.934788] cloud-init[960]: |        ..O=o .  |
[   10.935590] cloud-init[960]: |         +.B +   |
[   10.936994] cloud-init[960]: |      o +.o = .  |
[   10.937955] cloud-init[960]: |   . + * .o=E+   |
[   10.938710] cloud-init[960]: |    = + S.+.+ o  |
[   10.940020] cloud-init[960]: |     B . o.o.+   |
[   10.941087] cloud-init[960]: |    . + . +.+..  |
[   10.942779] cloud-init[960]: |       . . =.+   |
[   10.943682] cloud-init[960]: |           o*    |
[   10.945259] cloud-init[960]: +----[SHA256]-----+
[   10.946180] cloud-init[960]: Generating public/private ecdsa key pair.
[   10.947839] cloud-init[960]: Your identification has been saved in /etc/ssh/ssh_host_ecdsa_key.
[   10.949531] cloud-init[960]: Your public key has been saved in /etc/ssh/ssh_host_ecdsa_key.pub.
[   10.951694] cloud-init[960]: The key fingerprint is:
[   10.953300] cloud-init[960]: SHA256:XMYniBmneI74IJJaIMw/XuD/fVEucgA/Hf3DCTHR1/U root@ubuntu-xenial
[   10.954022] cloud-init[960]: The key's randomart image is:
[   10.956795] cloud-init[960]: +---[ECDSA 256]---+
[   10.957919] cloud-init[960]: |      . .   .++ +|
[   10.959595] cloud-init[960]: |o    . B o . o..+|
[   10.960217] cloud-init[960]: |oo .. = + * o + E|
[   10.961896] cloud-init[960]: |.oo..+ . * + . = |
[   10.962811] cloud-init[960]: |+ ++... S o o   .|
[   10.964397] cloud-init[960]: |oo.o+    . + .   |
[   10.965317] cloud-init[960]: |.  ...    o o    |
[   10.966899] cloud-init[960]: |      . .  .     |
[   10.967774] cloud-init[960]: |       . ..      |
[   10.969347] cloud-init[960]: +----[SHA256]-----+
[   10.970255] cloud-init[960]: Generating public/private ed25519 key pair.
[   10.972099] cloud-init[960]: Your identification has been saved in /etc/ssh/ssh_host_ed25519_key.
[   10.973817] cloud-init         [960]: Your public key has been saved in /etc/ssh/ssh_host_ed25519_key.pub.
[   10.976791] cloud-init[960]: The key fingerprint is:
[   10.978969] cloud-init[960]: SHA256:YxSnKgVR9CDHK4o/v55/NehO82DFSeKdKa3CGUhH9Wo root@ubuntu-xenial
[   10.980549] cloud-init[960]: The key's randomart image is:
[   10.983506] Starting iSCSI initiator daemon (iscsid)...cloud-init[960]: +--[ED25519 256]--+
[   10.985950] cloud-init[960]: |    +=*.o .      |
[   10.986908] cloud-init[960]: |     =.o =       |
[   10.989110] cloud-init[960]: |    . o.= o      |
[   10.989630] cloud-init[960]: |   ..+.+ B +     |
[   10.991629] cloud-init[960]: | . .o.o E.O      |

[   10.992377] cloud-init[960]: |. .  o =.=o      |
[   10.997151] cloud-init[960]: | .    +.*. .     |
[[   10.999789] cloud-init[960]: |  o  . +o+       |
[   11.000380] cloud-init[960]: |   +=o.o. .      |
[   11.001676] cloud-init[960]: +----[SHA256]-----+
[0;32m  OK  [0m] Reached target System Initialization.
[[0;32m  OK  [0m] Started ACPI Events Check.
[[0;32m  OK  [0m] Reached target Paths.
         Starting Socket activation for snappy daemon.
[[0;32m  OK  [0m] Listening on UUID daemon activation socket.
[[0;32m  OK  [0m] Listening on D-Bus System Message Bus Socket.
         Starting LXD - unix socket.
[[0;32m  OK  [0m] Listening on ACPID Listen Socket.
[[0;32m  OK  [0m] Started Daily apt download activities.
[[0;32m  OK  [0m] Started Daily apt upgrade and clean activities.
[[0;32m  OK  [0m] Started Daily Cleanup of Temporary Directories.
[[0;32m  OK  [0m] Reached target Timers.
[[0;32m  OK  [0m] Reached target Cloud-config availability.
[[0;32m  OK  [0m] Listening on Socket activation for snappy daemon.
[[0;32m  OK  [0m] Listening on LXD - unix socket.
[[0;32m  OK  [0m] Started iSCSI initiator daemon (iscsid).
         Starting Login to default iSCSI targets...
[[0;32m  OK  [0m] Reached target Sockets.
[[0;32m  OK  [0m] Reached target Basic System.
         Starting Virtualbox guest utils...
[[0;32m  OK  [0m] Started Regular background program processing daemon.
         Starting LSB: Record successful boot for GRUB...
         Starting Login Service...
[[0;32m  OK  [0m] Started ACPI event daemon.
         Starting System Logging Service...
         Starting LXD - container startup/shutdown...
[[0;32m  OK  [0m] Started Deferred execution scheduler.
         Starting Pollinate to seed the pseudo random number generator...
         Starting Accounts Service...
         Starting /etc/rc.local Compatibility...
         Starting Snappy daemon...
         Starting LSB: MD monitoring daemon...
[[0;32m  OK  [0m] Started D-Bus System Message Bus.
[[0;32m  OK  [0m] Started FUSE filesystem for LXC.
[[0;32m  OK  [0m] Started System Logging Service.
[[0;32m  OK  [0m] Started /etc/rc.local Compatibility.
[[0;32m  OK  [0m] Started LXD - container startup/shutdown.
[[0;32m  OK  [0m] Started Login to default iSCSI targets.
[[0;32m  OK  [0m] Started LSB: Record successful boot for GRUB.
[[0;32m  OK  [0m] Started LSB: MD monitoring daemon.
[[0;32m  OK  [0m] Started Login Service.
[[0;32m  OK  [0m] Started Unattended Upgrades Shutdown.
         Starting Authenticate and Authorize Users to Run Privileged Tasks...
[[0;32m  OK  [0m] Reached target Remote File Systems (Pre).
[[0;32m  OK  [0m] Reached target Remote File Systems.
         Starting LSB: automatic crash report generation...
         Starting LSB: Set the CPU Frequency Scaling governor to "ondemand"...
         Starting LSB: daemon to balance interrupts for SMP systems...
         Starting Permit User Sessions...
[[0;32m  OK  [0m] Started Permit User Sessions.
[[0;32m  OK  [0m] Started Virtualbox guest utils.
[[0;32m  OK  [0m] Started Authenticate and Authorize Users to Run Privileged Tasks.
[[0;32m  OK  [0m] Started LSB: Set the CPU Frequency Scaling governor to "ondemand".
[[0;32m  OK  [0m] Started LSB: automatic crash report generation.
[[0;32m  OK  [0m] Started Accounts Service.
[[0;32m  OK  [0m] Started Snappy daemon.
         Starting Wait until snapd is fully seeded...
         Starting Hold until boot process finishes up...
         Starting Terminate Plymouth Boot Screen...
[[0;32m  OK  [0m] Started LSB: daemon to balance interrupts for SMP systems.
[[0;32m  OK  [0m] Started Hold until boot process finishes up.
[[0;32m  OK  [0m] Started Terminate Plymouth Boot Screen.
         Starting Set console scheme...
[[0;32m  OK  [0m] Started Serial Getty on ttyS0.
[[0;32m  OK  [0m] Started Getty on tty1.
[[0;32m  OK  [0m] Reached target Login Prompts.
[[0;32m  OK  [0m] Started Set console scheme.
[[0;32m  OK  [0m] Started Pollinate to seed the pseudo random number generator.
         Starting OpenBSD Secure Shell server...
[[0;32m  OK  [0m] Started OpenBSD Secure Shell server.
[[0;32m  OK  [0m] Created slice User Slice of vagrant.
         Starting User Manager for UID 1000...
[[0;32m  OK  [0m] Started Session 1 of user vagrant.
[[0;32m  OK  [0m] Started User Manager for UID 1000.
         Stopping User Manager for UID 1000...
[[0;32m  OK  [0m] Stopped User Manager for UID 1000.
[[0;32m  OK  [0m] Removed slice User Slice of vagrant.
[[0;32m  OK  [0m] Created slice User Slice of vagrant.
         Starting User Manager for UID 1000...
[[0;32m  OK  [0m] Started Session 2 of user vagrant.
[[0;32m  OK  [0m] Started User Manager for UID 1000.
         Starting Hostname Service...
[[0;32m  OK  [0m] Started Hostname Service.
[[0;32m  OK  [0m] Stopped ifup for enp0s3.
[[0;32m  OK  [0m] Started ifup for enp0s3.
[[0;32m  OK  [0m] Stopped ifup for enp0s8.
[[0;32m  OK  [0m] Started ifup for enp0s8.

Ubuntu 16.04.6 LTS default ttyS0

default login: [   18.126610] cloud-init[1865]: Generating locales (this might take a while)...
[   19.262469] cloud-init[1865]:   en_US.UTF-8... done
[   19.263077] cloud-init[1865]: Generation complete.
[   19.623166] cloud-init[1865]: Cloud-init v. 19.1-1-gbaa47854-0ubuntu1~16.04.1 running 'modules:config' at Thu, 27 Feb 2020 05:23:06 +0000. Up 17.90 seconds.
ci-info: no authorized ssh keys fingerprints found for user ubuntu.
<14>Feb 27 05:23:08 ec2: 
<14>Feb 27 05:23:08 ec2: #############################################################
<14>Feb 27 05:23:08 ec2: -----BEGIN SSH HOST KEY FINGERPRINTS-----
<14>Feb 27 05:23:08 ec2: 1024 SHA256:fQQZi/J89bjTyg4jgD+MwaVnZbUHcBN14u1K6J8WQnw root@ubuntu-xenial (DSA)
<14>Feb 27 05:23:08 ec2: 256 SHA256:XMYniBmneI74IJJaIMw/XuD/fVEucgA/Hf3DCTHR1/U root@ubuntu-xenial (ECDSA)
<14>Feb 27 05:23:08 ec2: 256 SHA256:YxSnKgVR9CDHK4o/v55/NehO82DFSeKdKa3CGUhH9Wo root@ubuntu-xenial (ED25519)
<14>Feb 27 05:23:08 ec2: 2048 SHA256:CP5wcMntJiyP3Xx7AcUZGljS2fxCgO7zcO+aWSkk26M root@ubuntu-xenial (RSA)
<14>Feb 27 05:23:08 ec2: -----END SSH HOST KEY FINGERPRINTS-----
<14>Feb 27 05:23:08 ec2: #############################################################
-----BEGIN SSH HOST KEY KEYS-----
ecdsa-sha2-nistp256 AAAAE2VjZHNhLXNoYTItbmlzdHAyNTYAAAAIbmlzdHAyNTYAAABBBDkdqbyrh9yEEpCP1bmLCimu3tSHkGLbLWn5IcS/QnVRnGyzuBoou6SkiFUl+Oz9WvKR5fNVQEHNOOb3it47Q7E= root@ubuntu-xenial
ssh-ed25519 AAAAC3NzaC1lZDI1NTE5AAAAIGLQ9ePStg7k3wyCUnLEvCtQvd2gGyIVOx8VKeYagg2+ root@ubuntu-xenial
ssh-rsa AAAAB3NzaC1yc2EAAAADAQABAAABAQDQeQ/nsyROjxMmKAkaE1ntNY013qS7XRTPs/M+1oGBs+YIjLNwOm4+P/ZLVav+EVXkSoxH/n+I5+8P1gr1xQUr5cxrbS64yVX+OgjsKAHVmE/z2dTCIuHqCnB39692g8m4Y6oU5s6vFCJG3vtBi94WUnKDEzXnu7TAszzdjk9U4QGcyjnqlahdbP96bMEmzEKZMSaxuF8sP+JWI+OLnboSMccZCRx8rfrM9aexGEeaCzdRpfakgbFJSXso8A1rlfKzvonU+KnYIfxdKLauski2+8Dft6ZmE7Q+BQdJq74Up0zUAyauL0Dc1R53xYdqhqcfKkRYTImVRB2Z/p5DOKmJ root@ubuntu-xenial
-----END SSH HOST KEY KEYS-----
[   20.199059] cloud-init[2055]: Cloud-init v. 19.1-1-gbaa47854-0ubuntu1~16.04.1 running 'modules:final' at Thu, 27 Feb 2020 05:23:08 +0000. Up 20.02 seconds.
[   20.199336] cloud-init[2055]: ci-info: no authorized ssh keys fingerprints found for user ubuntu.
[   20.204318] cloud-init[2055]: Cloud-init v. 19.1-1-gbaa47854-0ubuntu1~16.04.1 finished at Thu, 27 Feb 2020 05:23:08 +0000. Datasource DataSourceNoCloud [seed=/dev/sdb][dsmode=net].  Up 20.18 seconds
